[05-Feb-2021 13:10:44] NOTICE: fpm is running, pid 6428
[05-Feb-2021 13:10:44] NOTICE: ready to handle connections
[05-Feb-2021 17:21:43] NOTICE: Terminating ...
[08-Feb-2021 09:26:38] NOTICE: fpm is running, pid 4991
[08-Feb-2021 09:26:38] NOTICE: ready to handle connections
[10-Feb-2021 09:18:53] ERROR: Another FPM instance seems to already listen on /home/wmartins/.config/Local/run/zJ1n5Kq7a/php/php-fpm.socket
[10-Feb-2021 09:18:53] ERROR: FPM initialization failed
[10-Feb-2021 09:18:53] ERROR: Another FPM instance seems to already listen on /home/wmartins/.config/Local/run/zJ1n5Kq7a/php/php-fpm.socket
[10-Feb-2021 09:18:53] ERROR: FPM initialization failed
[10-Feb-2021 09:18:54] ERROR: Another FPM instance seems to already listen on /home/wmartins/.config/Local/run/zJ1n5Kq7a/php/php-fpm.socket
[10-Feb-2021 09:18:54] ERROR: FPM initialization failed
[10-Feb-2021 09:18:54] ERROR: Another FPM instance seems to already listen on /home/wmartins/.config/Local/run/zJ1n5Kq7a/php/php-fpm.socket
[10-Feb-2021 09:18:54] ERROR: FPM initialization failed
[11-Feb-2021 10:39:21] ERROR: Another FPM instance seems to already listen on /home/daleixo/.config/Local/run/ERW-pwfAd/php/php-fpm.socket
[11-Feb-2021 10:39:21] ERROR: FPM initialization failed
[11-Feb-2021 10:39:21] ERROR: Another FPM instance seems to already listen on /home/daleixo/.config/Local/run/ERW-pwfAd/php/php-fpm.socket
[11-Feb-2021 10:39:21] ERROR: FPM initialization failed
[11-Feb-2021 10:39:22] ERROR: Another FPM instance seems to already listen on /home/daleixo/.config/Local/run/ERW-pwfAd/php/php-fpm.socket
[11-Feb-2021 10:39:22] ERROR: FPM initialization failed
[11-Feb-2021 10:39:22] ERROR: Another FPM instance seems to already listen on /home/daleixo/.config/Local/run/ERW-pwfAd/php/php-fpm.socket
[11-Feb-2021 10:39:22] ERROR: FPM initialization failed
[12-Feb-2021 09:30:09] NOTICE: fpm is running, pid 5164
[12-Feb-2021 09:30:09] NOTICE: ready to handle connections
[16-Feb-2021 09:03:47] NOTICE: fpm is running, pid 3219
[16-Feb-2021 09:03:47] NOTICE: ready to handle connections
[17-Feb-2021 00:45:37] NOTICE: Terminating ...
[17-Feb-2021 08:37:22] NOTICE: fpm is running, pid 4019
[17-Feb-2021 08:37:22] NOTICE: ready to handle connections
[17-Feb-2021 20:08:46] NOTICE: Terminating ...
[18-Feb-2021 08:43:58] NOTICE: fpm is running, pid 3239
[18-Feb-2021 08:43:58] NOTICE: ready to handle connections
